# JRE version: OpenJDK Runtime Environment (8.0_181-b13) (build 1.8.0_181-8u181-b13-0ubuntu0.16.04.1-b13)
# Java VM: OpenJDK 64-Bit Server VM (25.181-b13 mixed mode linux-amd64 compressed oops)
Heap:
 PSYoungGen      total 268288K, used 95532K [0x00000000eab00000, 0x0000000100000000, 0x0000000100000000)
  eden space 258048K, 33% used [0x00000000eab00000,0x00000000efe4c958,0x00000000fa700000)
  from space 10240K, 99% used [0x00000000fa700000,0x00000000fb0fe748,0x00000000fb100000)
  to   space 41984K, 0% used [0x00000000fd700000,0x00000000fd700000,0x0000000100000000)
 ParOldGen       total 171008K, used 73365K [0x00000000c0000000, 0x00000000ca700000, 0x00000000eab00000)
  object space 171008K, 42% used [0x00000000c0000000,0x00000000c47a5648,0x00000000ca700000)
 Metaspace       used 12121K, capacity 12738K, committed 12928K, reserved 1060864K
  class space    used 1797K, capacity 1912K, committed 1920K, reserved 1048576K
GC Heap History (10 events):
Event: 0.803 GC heap before
{Heap before GC invocations=1 (full 0):
 PSYoungGen      total 74752K, used 64512K [0x00000000eab00000, 0x00000000efe00000, 0x0000000100000000)
  eden space 64512K, 100% used [0x00000000eab00000,0x00000000eea00000,0x00000000eea00000)
  from space 10240K, 0% used [0x00000000ef400000,0x00000000ef400000,0x00000000efe00000)
  to   space 10240K, 0% used [0x00000000eea00000,0x00000000eea00000,0x00000000ef400000)
 ParOldGen       total 171008K, used 0K [0x00000000c0000000, 0x00000000ca700000, 0x00000000eab00000)
  object space 171008K, 0% used [0x00000000c0000000,0x00000000c0000000,0x00000000ca700000)
 Metaspace       used 9705K, capacity 10050K, committed 10240K, reserved 1058816K
  class space    used 1439K, capacity 1526K, committed 1536K, reserved 1048576K
Event: 0.825 GC heap after
Heap after GC invocations=1 (full 0):
 PSYoungGen      total 74752K, used 10210K [0x00000000eab00000, 0x00000000f3d00000, 0x0000000100000000)
  eden space 64512K, 0% used [0x00000000eab00000,0x00000000eab00000,0x00000000eea00000)
  from space 10240K, 99% used [0x00000000eea00000,0x00000000ef3f8990,0x00000000ef400000)
  to   space 10240K, 0% used [0x00000000f3300000,0x00000000f3300000,0x00000000f3d00000)
 ParOldGen       total 171008K, used 4824K [0x00000000c0000000, 0x00000000ca700000, 0x00000000eab00000)
  object space 171008K, 2% used [0x00000000c0000000,0x00000000c04b6018,0x00000000ca700000)
 Metaspace       used 9705K, capacity 10050K, committed 10240K, reserved 1058816K
  class space    used 1439K, capacity 1526K, committed 1536K, reserved 1048576K
}
Event: 0.965 GC heap before
{Heap before GC invocations=2 (full 0):
 PSYoungGen      total 74752K, used 74722K [0x00000000eab00000, 0x00000000f3d00000, 0x0000000100000000)
  eden space 64512K, 100% used [0x00000000eab00000,0x00000000eea00000,0x00000000eea00000)
  from space 10240K, 99% used [0x00000000eea00000,0x00000000ef3f8990,0x00000000ef400000)
  to   space 10240K, 0% used [0x00000000f3300000,0x00000000f3300000,0x00000000f3d00000)
 ParOldGen       total 171008K, used 4824K [0x00000000c0000000, 0x00000000ca700000, 0x00000000eab00000)
  object space 171008K, 2% used [0x00000000c0000000,0x00000000c04b6018,0x00000000ca700000)
 Metaspace       used 9736K, capacity 10126K, committed 10240K, reserved 1058816K
  class space    used 1441K, capacity 1528K, committed 1536K, reserved 1048576K
Event: 0.983 GC heap after
Heap after GC invocations=2 (full 0):
 PSYoungGen      total 139264K, used 10210K [0x00000000eab00000, 0x00000000f3d00000, 0x0000000100000000)
  eden space 129024K, 0% used [0x00000000eab00000,0x00000000eab00000,0x00000000f2900000)
  from space 10240K, 99% used [0x00000000f3300000,0x00000000f3cf8980,0x00000000f3d00000)
  to   space 10240K, 0% used [0x00000000f2900000,0x00000000f2900000,0x00000000f3300000)
 ParOldGen       total 171008K, used 11192K [0x00000000c0000000, 0x00000000ca700000, 0x00000000eab00000)
  object space 171008K, 6% used [0x00000000c0000000,0x00000000c0aee028,0x00000000ca700000)
 Metaspace       used 9736K, capacity 10126K, committed 10240K, reserved 1058816K
  class space    used 1441K, capacity 1528K, committed 1536K, reserved 1048576K
}
Event: 1.181 GC heap before
{Heap before GC invocations=3 (full 0):
 PSYoungGen      total 139264K, used 138448K [0x00000000eab00000, 0x00000000f3d00000, 0x0000000100000000)
  eden space 129024K, 99% used [0x00000000eab00000,0x00000000f283b758,0x00000000f2900000)
  from space 10240K, 99% used [0x00000000f3300000,0x00000000f3cf8980,0x00000000f3d00000)
  to   space 10240K, 0% used [0x00000000f2900000,0x00000000f2900000,0x00000000f3300000)
 ParOldGen       total 171008K, used 11192K [0x00000000c0000000, 0x00000000ca700000, 0x00000000eab00000)
  object space 171008K, 6% used [0x00000000c0000000,0x00000000c0aee028,0x00000000ca700000)
 Metaspace       used 9891K, capacity 10248K, committed 10368K, reserved 1058816K
  class space    used 1484K, capacity 1566K, committed 1664K, reserved 1048576K
Event: 1.212 GC heap after
Heap after GC invocations=3 (full 0):
 PSYoungGen      total 139264K, used 10213K [0x00000000eab00000, 0x00000000fbb00000, 0x0000000100000000)
  eden space 129024K, 0% used [0x00000000eab00000,0x00000000eab00000,0x00000000f2900000)
  from space 10240K, 99% used [0x00000000f2900000,0x00000000f32f9578,0x00000000f3300000)
  to   space 10240K, 0% used [0x00000000fb100000,0x00000000fb100000,0x00000000fbb00000)
 ParOldGen       total 171008K, used 25520K [0x00000000c0000000, 0x00000000ca700000, 0x00000000eab00000)
  object space 171008K, 14% used [0x00000000c0000000,0x00000000c18ec3d8,0x00000000ca700000)
 Metaspace       used 9891K, capacity 10248K, committed 10368K, reserved 1058816K
  class space    used 1484K, capacity 1566K, committed 1664K, reserved 1048576K
}
Event: 1.603 GC heap before
{Heap before GC invocations=4 (full 0):
 PSYoungGen      total 139264K, used 139237K [0x00000000eab00000, 0x00000000fbb00000, 0x0000000100000000)
  eden space 129024K, 100% used [0x00000000eab00000,0x00000000f2900000,0x00000000f2900000)
  from space 10240K, 99% used [0x00000000f2900000,0x00000000f32f9578,0x00000000f3300000)
  to   space 10240K, 0% used [0x00000000fb100000,0x00000000fb100000,0x00000000fbb00000)
 ParOldGen       total 171008K, used 25520K [0x00000000c0000000, 0x00000000ca700000, 0x00000000eab00000)
  object space 171008K, 14% used [0x00000000c0000000,0x00000000c18ec3d8,0x00000000ca700000)
 Metaspace       used 11649K, capacity 12200K, committed 12416K, reserved 1060864K
  class space    used 1747K, capacity 1874K, committed 1920K, reserved 1048576K
Event: 1.653 GC heap after
Heap after GC invocations=4 (full 0):
 PSYoungGen      total 268288K, used 10237K [0x00000000eab00000, 0x00000000fbb00000, 0x0000000100000000)
  eden space 258048K, 0% used [0x00000000eab00000,0x00000000eab00000,0x00000000fa700000)
  from space 10240K, 99% used [0x00000000fb100000,0x00000000fbaff430,0x00000000fbb00000)
  to   space 10240K, 0% used [0x00000000fa700000,0x00000000fa700000,0x00000000fb100000)
 ParOldGen       total 171008K, used 47784K [0x00000000c0000000, 0x00000000ca700000, 0x00000000eab00000)
  object space 171008K, 27% used [0x00000000c0000000,0x00000000c2eaa150,0x00000000ca700000)
 Metaspace       used 11649K, capacity 12200K, committed 12416K, reserved 1060864K
  class space    used 1747K, capacity 1874K, committed 1920K, reserved 1048576K
}
Event: 1.917 GC heap before
{Heap before GC invocations=5 (full 0):
 PSYoungGen      total 268288K, used 268285K [0x00000000eab00000, 0x00000000fbb00000, 0x0000000100000000)
  eden space 258048K, 100% used [0x00000000eab00000,0x00000000fa700000,0x00000000fa700000)
  from space 10240K, 99% used [0x00000000fb100000,0x00000000fbaff430,0x00000000fbb00000)
  to   space 10240K, 0% used [0x00000000fa700000,0x00000000fa700000,0x00000000fb100000)
 ParOldGen       total 171008K, used 47784K [0x00000000c0000000, 0x00000000ca700000, 0x00000000eab00000)
  object space 171008K, 27% used [0x00000000c0000000,0x00000000c2eaa150,0x00000000ca700000)
 Metaspace       used 11748K, capacity 12272K, committed 12416K, reserved 1060864K
  class space    used 1779K, capacity 1877K, committed 1920K, reserved 1048576K
Event: 1.984 GC heap after
Heap after GC invocations=5 (full 0):
 PSYoungGen      total 268288K, used 10233K [0x00000000eab00000, 0x0000000100000000, 0x0000000100000000)
  eden space 258048K, 0% used [0x00000000eab00000,0x00000000eab00000,0x00000000fa700000)
  from space 10240K, 99% used [0x00000000fa700000,0x00000000fb0fe748,0x00000000fb100000)
  to   space 41984K, 0% used [0x00000000fd700000,0x00000000fd700000,0x0000000100000000)
 ParOldGen       total 171008K, used 73365K [0x00000000c0000000, 0x00000000ca700000, 0x00000000eab00000)
  object space 171008K, 42% used [0x00000000c0000000,0x00000000c47a5648,0x00000000ca700000)
 Metaspace       used 11748K, capacity 12272K, committed 12416K, reserved 1060864K
  class space    used 1779K, capacity 1877K, committed 1920K, reserved 1048576K
}

